+ directory-metadata
+ whoami
saulius
+ hostname -f
starta
+ pwd
/home/saulius/src/domain-crystallography
+ svn info
svn: E155007: '/home/saulius/src/domain-crystallography' is not a working copy
+ df -h .
Filesystem      Size  Used Avail Use% Mounted on
/dev/nvme1n1p1  938G  250G  641G  29% /home
+ type osname
osname is /home/saulius/scripts/osname
+ osname
Linuxmint-20.1
+ uname -a
Linux starta 5.8.0-44-generic #50~20.04.1-Ubuntu SMP Wed Feb 10 21:07:30 UTC 2021 x86_64 x86_64 x86_64 GNU/Linux
+ date
2021-03-12T11:45:32 EET
+ git remote -v
origin	git@github.com:sauliusg/domain-crystallography.git (fetch)
origin	git@github.com:sauliusg/domain-crystallography.git (push)
+ tdbgrep '_name.category_id\s+cell\s*$' /home/saulius/src/IUCr/COMCIFS/cif_core/cif_core.dic
+ grep '_name\.object_id'
+ awk '{print $2}'
+ sort -u
+ grep -vE '^(angle_(alpha|beta|gamma)|length_[abc])$'
+ read NAME
++ uuidgen
+ UUID=2d327144-7d97-46b2-be1c-074f1e873637
++ perl -e 'print " "x43'
+ SPACES='                                           '
+ echo -e '### http://emmo.info/emmo/cif#OWLClass_2d327144-7d97-46b2-be1c-074f1e873637\n:OWLClass_2d327144-7d97-46b2-be1c-074f1e873637 rdf:type owl:Class ;\n                                           rdfs:subClassOf :OWLClass_a807a946_94bb_4cba_a433_31daf1d0a94c ;\n                                           rdfs:label "cell_angle_alpha_su"@en .\n'
+ read NAME
++ uuidgen
+ UUID=75e870f5-4655-4a55-8255-0bf7c732d2de
++ perl -e 'print " "x43'
+ SPACES='                                           '
+ echo -e '### http://emmo.info/emmo/cif#OWLClass_75e870f5-4655-4a55-8255-0bf7c732d2de\n:OWLClass_75e870f5-4655-4a55-8255-0bf7c732d2de rdf:type owl:Class ;\n                                           rdfs:subClassOf :OWLClass_a807a946_94bb_4cba_a433_31daf1d0a94c ;\n                                           rdfs:label "cell_angle_beta_su"@en .\n'
+ read NAME
++ uuidgen
+ UUID=3ecd887b-de98-4de4-9cd8-f7ee6e79ffdf
++ perl -e 'print " "x43'
+ SPACES='                                           '
+ echo -e '### http://emmo.info/emmo/cif#OWLClass_3ecd887b-de98-4de4-9cd8-f7ee6e79ffdf\n:OWLClass_3ecd887b-de98-4de4-9cd8-f7ee6e79ffdf rdf:type owl:Class ;\n                                           rdfs:subClassOf :OWLClass_a807a946_94bb_4cba_a433_31daf1d0a94c ;\n                                           rdfs:label "cell_angle_gamma_su"@en .\n'
+ read NAME
++ uuidgen
+ UUID=2bd0ad98-ad9c-4af5-ae53-19399f4f3d95
++ perl -e 'print " "x43'
+ SPACES='                                           '
+ echo -e '### http://emmo.info/emmo/cif#OWLClass_2bd0ad98-ad9c-4af5-ae53-19399f4f3d95\n:OWLClass_2bd0ad98-ad9c-4af5-ae53-19399f4f3d95 rdf:type owl:Class ;\n                                           rdfs:subClassOf :OWLClass_a807a946_94bb_4cba_a433_31daf1d0a94c ;\n                                           rdfs:label "cell_atomic_mass"@en .\n'
+ read NAME
++ uuidgen
+ UUID=75dd9bad-aa24-4b30-9a0e-650a3227206c
++ perl -e 'print " "x43'
+ SPACES='                                           '
+ echo -e '### http://emmo.info/emmo/cif#OWLClass_75dd9bad-aa24-4b30-9a0e-650a3227206c\n:OWLClass_75dd9bad-aa24-4b30-9a0e-650a3227206c rdf:type owl:Class ;\n                                           rdfs:subClassOf :OWLClass_a807a946_94bb_4cba_a433_31daf1d0a94c ;\n                                           rdfs:label "cell_convert_Uij_to_betaij"@en .\n'
+ read NAME
++ uuidgen
+ UUID=eb4548cc-5354-47d3-8bb2-c98c65f42808
++ perl -e 'print " "x43'
+ SPACES='                                           '
+ echo -e '### http://emmo.info/emmo/cif#OWLClass_eb4548cc-5354-47d3-8bb2-c98c65f42808\n:OWLClass_eb4548cc-5354-47d3-8bb2-c98c65f42808 rdf:type owl:Class ;\n                                           rdfs:subClassOf :OWLClass_a807a946_94bb_4cba_a433_31daf1d0a94c ;\n                                           rdfs:label "cell_convert_Uiso_to_Uij"@en .\n'
+ read NAME
++ uuidgen
+ UUID=dbe5effc-edcd-4a66-afd2-5d0f9763588b
++ perl -e 'print " "x43'
+ SPACES='                                           '
+ echo -e '### http://emmo.info/emmo/cif#OWLClass_dbe5effc-edcd-4a66-afd2-5d0f9763588b\n:OWLClass_dbe5effc-edcd-4a66-afd2-5d0f9763588b rdf:type owl:Class ;\n                                           rdfs:subClassOf :OWLClass_a807a946_94bb_4cba_a433_31daf1d0a94c ;\n                                           rdfs:label "cell_formula_units_Z"@en .\n'
+ read NAME
++ uuidgen
+ UUID=be571c42-d163-42ac-94dd-996f51f55706
++ perl -e 'print " "x43'
+ SPACES='                                           '
+ echo -e '### http://emmo.info/emmo/cif#OWLClass_be571c42-d163-42ac-94dd-996f51f55706\n:OWLClass_be571c42-d163-42ac-94dd-996f51f55706 rdf:type owl:Class ;\n                                           rdfs:subClassOf :OWLClass_a807a946_94bb_4cba_a433_31daf1d0a94c ;\n                                           rdfs:label "cell_length_a_su"@en .\n'
+ read NAME
++ uuidgen
+ UUID=a49cf4d2-cf3f-416c-90af-28d17b89d2fe
++ perl -e 'print " "x43'
+ SPACES='                                           '
+ echo -e '### http://emmo.info/emmo/cif#OWLClass_a49cf4d2-cf3f-416c-90af-28d17b89d2fe\n:OWLClass_a49cf4d2-cf3f-416c-90af-28d17b89d2fe rdf:type owl:Class ;\n                                           rdfs:subClassOf :OWLClass_a807a946_94bb_4cba_a433_31daf1d0a94c ;\n                                           rdfs:label "cell_length_b_su"@en .\n'
+ read NAME
++ uuidgen
+ UUID=a89d5f68-aff2-45d7-8f30-fe847b77152a
++ perl -e 'print " "x43'
+ SPACES='                                           '
+ echo -e '### http://emmo.info/emmo/cif#OWLClass_a89d5f68-aff2-45d7-8f30-fe847b77152a\n:OWLClass_a89d5f68-aff2-45d7-8f30-fe847b77152a rdf:type owl:Class ;\n                                           rdfs:subClassOf :OWLClass_a807a946_94bb_4cba_a433_31daf1d0a94c ;\n                                           rdfs:label "cell_length_c_su"@en .\n'
+ read NAME
++ uuidgen
+ UUID=7e6ed4ef-a3b3-4a4d-b640-a934b50e4cac
++ perl -e 'print " "x43'
+ SPACES='                                           '
+ echo -e '### http://emmo.info/emmo/cif#OWLClass_7e6ed4ef-a3b3-4a4d-b640-a934b50e4cac\n:OWLClass_7e6ed4ef-a3b3-4a4d-b640-a934b50e4cac rdf:type owl:Class ;\n                                           rdfs:subClassOf :OWLClass_a807a946_94bb_4cba_a433_31daf1d0a94c ;\n                                           rdfs:label "cell_metric_tensor"@en .\n'
+ read NAME
++ uuidgen
+ UUID=51e62058-1335-49cf-90b0-e6f7cd925d8d
++ perl -e 'print " "x43'
+ SPACES='                                           '
+ echo -e '### http://emmo.info/emmo/cif#OWLClass_51e62058-1335-49cf-90b0-e6f7cd925d8d\n:OWLClass_51e62058-1335-49cf-90b0-e6f7cd925d8d rdf:type owl:Class ;\n                                           rdfs:subClassOf :OWLClass_a807a946_94bb_4cba_a433_31daf1d0a94c ;\n                                           rdfs:label "cell_orthogonal_matrix"@en .\n'
+ read NAME
++ uuidgen
+ UUID=decbf662-ee21-4cef-90f2-32750bc95e63
++ perl -e 'print " "x43'
+ SPACES='                                           '
+ echo -e '### http://emmo.info/emmo/cif#OWLClass_decbf662-ee21-4cef-90f2-32750bc95e63\n:OWLClass_decbf662-ee21-4cef-90f2-32750bc95e63 rdf:type owl:Class ;\n                                           rdfs:subClassOf :OWLClass_a807a946_94bb_4cba_a433_31daf1d0a94c ;\n                                           rdfs:label "cell_reciprocal_angle_alpha"@en .\n'
+ read NAME
++ uuidgen
+ UUID=d5313e3e-917f-4f50-99c4-d0a0601ff4a5
++ perl -e 'print " "x43'
+ SPACES='                                           '
+ echo -e '### http://emmo.info/emmo/cif#OWLClass_d5313e3e-917f-4f50-99c4-d0a0601ff4a5\n:OWLClass_d5313e3e-917f-4f50-99c4-d0a0601ff4a5 rdf:type owl:Class ;\n                                           rdfs:subClassOf :OWLClass_a807a946_94bb_4cba_a433_31daf1d0a94c ;\n                                           rdfs:label "cell_reciprocal_angle_alpha_su"@en .\n'
+ read NAME
++ uuidgen
+ UUID=7152d055-fab7-4674-bdbc-9c9e6cae99fa
++ perl -e 'print " "x43'
+ SPACES='                                           '
+ echo -e '### http://emmo.info/emmo/cif#OWLClass_7152d055-fab7-4674-bdbc-9c9e6cae99fa\n:OWLClass_7152d055-fab7-4674-bdbc-9c9e6cae99fa rdf:type owl:Class ;\n                                           rdfs:subClassOf :OWLClass_a807a946_94bb_4cba_a433_31daf1d0a94c ;\n                                           rdfs:label "cell_reciprocal_angle_beta"@en .\n'
+ read NAME
++ uuidgen
+ UUID=900fa0af-2f9c-4f2c-8949-74a9f069ecce
++ perl -e 'print " "x43'
+ SPACES='                                           '
+ echo -e '### http://emmo.info/emmo/cif#OWLClass_900fa0af-2f9c-4f2c-8949-74a9f069ecce\n:OWLClass_900fa0af-2f9c-4f2c-8949-74a9f069ecce rdf:type owl:Class ;\n                                           rdfs:subClassOf :OWLClass_a807a946_94bb_4cba_a433_31daf1d0a94c ;\n                                           rdfs:label "cell_reciprocal_angle_beta_su"@en .\n'
+ read NAME
++ uuidgen
+ UUID=f2f942c1-c254-47cb-ab6e-26326c00f66d
++ perl -e 'print " "x43'
+ SPACES='                                           '
+ echo -e '### http://emmo.info/emmo/cif#OWLClass_f2f942c1-c254-47cb-ab6e-26326c00f66d\n:OWLClass_f2f942c1-c254-47cb-ab6e-26326c00f66d rdf:type owl:Class ;\n                                           rdfs:subClassOf :OWLClass_a807a946_94bb_4cba_a433_31daf1d0a94c ;\n                                           rdfs:label "cell_reciprocal_angle_gamma"@en .\n'
+ read NAME
++ uuidgen
+ UUID=33d5f1c5-271c-4a3b-b88c-d5eb8339b071
++ perl -e 'print " "x43'
+ SPACES='                                           '
+ echo -e '### http://emmo.info/emmo/cif#OWLClass_33d5f1c5-271c-4a3b-b88c-d5eb8339b071\n:OWLClass_33d5f1c5-271c-4a3b-b88c-d5eb8339b071 rdf:type owl:Class ;\n                                           rdfs:subClassOf :OWLClass_a807a946_94bb_4cba_a433_31daf1d0a94c ;\n                                           rdfs:label "cell_reciprocal_angle_gamma_su"@en .\n'
+ read NAME
++ uuidgen
+ UUID=c0dae25f-971b-4eb3-98d4-127af886ce40
++ perl -e 'print " "x43'
+ SPACES='                                           '
+ echo -e '### http://emmo.info/emmo/cif#OWLClass_c0dae25f-971b-4eb3-98d4-127af886ce40\n:OWLClass_c0dae25f-971b-4eb3-98d4-127af886ce40 rdf:type owl:Class ;\n                                           rdfs:subClassOf :OWLClass_a807a946_94bb_4cba_a433_31daf1d0a94c ;\n                                           rdfs:label "cell_reciprocal_length_a"@en .\n'
+ read NAME
++ uuidgen
+ UUID=c3af2481-1b5f-4158-a073-3b5c0a05419c
++ perl -e 'print " "x43'
+ SPACES='                                           '
+ echo -e '### http://emmo.info/emmo/cif#OWLClass_c3af2481-1b5f-4158-a073-3b5c0a05419c\n:OWLClass_c3af2481-1b5f-4158-a073-3b5c0a05419c rdf:type owl:Class ;\n                                           rdfs:subClassOf :OWLClass_a807a946_94bb_4cba_a433_31daf1d0a94c ;\n                                           rdfs:label "cell_reciprocal_length_a_su"@en .\n'
+ read NAME
++ uuidgen
+ UUID=a7416af4-f441-4127-b96d-07001895135a
++ perl -e 'print " "x43'
+ SPACES='                                           '
+ echo -e '### http://emmo.info/emmo/cif#OWLClass_a7416af4-f441-4127-b96d-07001895135a\n:OWLClass_a7416af4-f441-4127-b96d-07001895135a rdf:type owl:Class ;\n                                           rdfs:subClassOf :OWLClass_a807a946_94bb_4cba_a433_31daf1d0a94c ;\n                                           rdfs:label "cell_reciprocal_length_b"@en .\n'
+ read NAME
++ uuidgen
+ UUID=ab0d8b61-efaa-46f6-95c7-292b146942e9
++ perl -e 'print " "x43'
+ SPACES='                                           '
+ echo -e '### http://emmo.info/emmo/cif#OWLClass_ab0d8b61-efaa-46f6-95c7-292b146942e9\n:OWLClass_ab0d8b61-efaa-46f6-95c7-292b146942e9 rdf:type owl:Class ;\n                                           rdfs:subClassOf :OWLClass_a807a946_94bb_4cba_a433_31daf1d0a94c ;\n                                           rdfs:label "cell_reciprocal_length_b_su"@en .\n'
+ read NAME
++ uuidgen
+ UUID=cee6d1bc-46c7-4a31-93d2-8aab9f124cc3
++ perl -e 'print " "x43'
+ SPACES='                                           '
+ echo -e '### http://emmo.info/emmo/cif#OWLClass_cee6d1bc-46c7-4a31-93d2-8aab9f124cc3\n:OWLClass_cee6d1bc-46c7-4a31-93d2-8aab9f124cc3 rdf:type owl:Class ;\n                                           rdfs:subClassOf :OWLClass_a807a946_94bb_4cba_a433_31daf1d0a94c ;\n                                           rdfs:label "cell_reciprocal_length_c"@en .\n'
+ read NAME
++ uuidgen
+ UUID=fd7d7344-d3c7-4bcc-b552-3e8d5d6d4d1f
++ perl -e 'print " "x43'
+ SPACES='                                           '
+ echo -e '### http://emmo.info/emmo/cif#OWLClass_fd7d7344-d3c7-4bcc-b552-3e8d5d6d4d1f\n:OWLClass_fd7d7344-d3c7-4bcc-b552-3e8d5d6d4d1f rdf:type owl:Class ;\n                                           rdfs:subClassOf :OWLClass_a807a946_94bb_4cba_a433_31daf1d0a94c ;\n                                           rdfs:label "cell_reciprocal_length_c_su"@en .\n'
+ read NAME
++ uuidgen
+ UUID=31f4935c-0888-49e1-9257-236cb1852524
++ perl -e 'print " "x43'
+ SPACES='                                           '
+ echo -e '### http://emmo.info/emmo/cif#OWLClass_31f4935c-0888-49e1-9257-236cb1852524\n:OWLClass_31f4935c-0888-49e1-9257-236cb1852524 rdf:type owl:Class ;\n                                           rdfs:subClassOf :OWLClass_a807a946_94bb_4cba_a433_31daf1d0a94c ;\n                                           rdfs:label "cell_reciprocal_metric_tensor"@en .\n'
+ read NAME
++ uuidgen
+ UUID=b2f622b5-af3c-471b-b77b-c38a853aec70
++ perl -e 'print " "x43'
+ SPACES='                                           '
+ echo -e '### http://emmo.info/emmo/cif#OWLClass_b2f622b5-af3c-471b-b77b-c38a853aec70\n:OWLClass_b2f622b5-af3c-471b-b77b-c38a853aec70 rdf:type owl:Class ;\n                                           rdfs:subClassOf :OWLClass_a807a946_94bb_4cba_a433_31daf1d0a94c ;\n                                           rdfs:label "cell_reciprocal_orthogonal_matrix"@en .\n'
+ read NAME
++ uuidgen
+ UUID=0cce62ff-c79e-42d3-a4a6-44065a91732a
++ perl -e 'print " "x43'
+ SPACES='                                           '
+ echo -e '### http://emmo.info/emmo/cif#OWLClass_0cce62ff-c79e-42d3-a4a6-44065a91732a\n:OWLClass_0cce62ff-c79e-42d3-a4a6-44065a91732a rdf:type owl:Class ;\n                                           rdfs:subClassOf :OWLClass_a807a946_94bb_4cba_a433_31daf1d0a94c ;\n                                           rdfs:label "cell_reciprocal_vector_a"@en .\n'
+ read NAME
++ uuidgen
+ UUID=a64e7a91-68d4-4d48-a0c3-adf38995e7fb
++ perl -e 'print " "x43'
+ SPACES='                                           '
+ echo -e '### http://emmo.info/emmo/cif#OWLClass_a64e7a91-68d4-4d48-a0c3-adf38995e7fb\n:OWLClass_a64e7a91-68d4-4d48-a0c3-adf38995e7fb rdf:type owl:Class ;\n                                           rdfs:subClassOf :OWLClass_a807a946_94bb_4cba_a433_31daf1d0a94c ;\n                                           rdfs:label "cell_reciprocal_vector_b"@en .\n'
+ read NAME
++ uuidgen
+ UUID=f6b2c045-463b-4eb2-91a5-8faee7f66808
++ perl -e 'print " "x43'
+ SPACES='                                           '
+ echo -e '### http://emmo.info/emmo/cif#OWLClass_f6b2c045-463b-4eb2-91a5-8faee7f66808\n:OWLClass_f6b2c045-463b-4eb2-91a5-8faee7f66808 rdf:type owl:Class ;\n                                           rdfs:subClassOf :OWLClass_a807a946_94bb_4cba_a433_31daf1d0a94c ;\n                                           rdfs:label "cell_reciprocal_vector_c"@en .\n'
+ read NAME
++ uuidgen
+ UUID=4b64f481-b4b9-4ee9-a8e7-0b74bc5defb0
++ perl -e 'print " "x43'
+ SPACES='                                           '
+ echo -e '### http://emmo.info/emmo/cif#OWLClass_4b64f481-b4b9-4ee9-a8e7-0b74bc5defb0\n:OWLClass_4b64f481-b4b9-4ee9-a8e7-0b74bc5defb0 rdf:type owl:Class ;\n                                           rdfs:subClassOf :OWLClass_a807a946_94bb_4cba_a433_31daf1d0a94c ;\n                                           rdfs:label "cell_special_details"@en .\n'
+ read NAME
++ uuidgen
+ UUID=d535fa67-5e0b-4234-aca3-b6d133dfbda7
++ perl -e 'print " "x43'
+ SPACES='                                           '
+ echo -e '### http://emmo.info/emmo/cif#OWLClass_d535fa67-5e0b-4234-aca3-b6d133dfbda7\n:OWLClass_d535fa67-5e0b-4234-aca3-b6d133dfbda7 rdf:type owl:Class ;\n                                           rdfs:subClassOf :OWLClass_a807a946_94bb_4cba_a433_31daf1d0a94c ;\n                                           rdfs:label "cell_vector_a"@en .\n'
+ read NAME
++ uuidgen
+ UUID=ed755e55-825f-4fbf-9e64-ae8561d9d995
++ perl -e 'print " "x43'
+ SPACES='                                           '
+ echo -e '### http://emmo.info/emmo/cif#OWLClass_ed755e55-825f-4fbf-9e64-ae8561d9d995\n:OWLClass_ed755e55-825f-4fbf-9e64-ae8561d9d995 rdf:type owl:Class ;\n                                           rdfs:subClassOf :OWLClass_a807a946_94bb_4cba_a433_31daf1d0a94c ;\n                                           rdfs:label "cell_vector_b"@en .\n'
+ read NAME
++ uuidgen
+ UUID=2b0bc0d4-8c53-4284-8843-853397b6a546
++ perl -e 'print " "x43'
+ SPACES='                                           '
+ echo -e '### http://emmo.info/emmo/cif#OWLClass_2b0bc0d4-8c53-4284-8843-853397b6a546\n:OWLClass_2b0bc0d4-8c53-4284-8843-853397b6a546 rdf:type owl:Class ;\n                                           rdfs:subClassOf :OWLClass_a807a946_94bb_4cba_a433_31daf1d0a94c ;\n                                           rdfs:label "cell_vector_c"@en .\n'
+ read NAME
++ uuidgen
+ UUID=a397a7d0-9189-462a-b490-f95324a39c1b
++ perl -e 'print " "x43'
+ SPACES='                                           '
+ echo -e '### http://emmo.info/emmo/cif#OWLClass_a397a7d0-9189-462a-b490-f95324a39c1b\n:OWLClass_a397a7d0-9189-462a-b490-f95324a39c1b rdf:type owl:Class ;\n                                           rdfs:subClassOf :OWLClass_a807a946_94bb_4cba_a433_31daf1d0a94c ;\n                                           rdfs:label "cell_volume"@en .\n'
+ read NAME
++ uuidgen
+ UUID=a2d650b8-1166-40a3-bb86-5227a0d0790f
++ perl -e 'print " "x43'
+ SPACES='                                           '
+ echo -e '### http://emmo.info/emmo/cif#OWLClass_a2d650b8-1166-40a3-bb86-5227a0d0790f\n:OWLClass_a2d650b8-1166-40a3-bb86-5227a0d0790f rdf:type owl:Class ;\n                                           rdfs:subClassOf :OWLClass_a807a946_94bb_4cba_a433_31daf1d0a94c ;\n                                           rdfs:label "cell_volume_su"@en .\n'
+ read NAME
